2024-11-21 21:52:21,403 - INFO - Loading YOLO model...
2024-11-21 21:52:34,355 - INFO - YOLO model loaded.
2024-11-21 21:52:34,356 - INFO - Application started.
2024-11-21 21:52:38,857 - INFO - Video thread started.
2024-11-21 21:52:44,809 - INFO - YOLO activated.
2024-11-21 21:52:45,139 - INFO - Person Count: 1
2024-11-21 21:52:45,306 - INFO - Person Count: 1
2024-11-21 21:52:45,451 - INFO - Person Count: 1
2024-11-21 21:52:45,580 - INFO - Person Count: 1
2024-11-21 21:52:45,712 - INFO - Person Count: 1
2024-11-21 21:52:45,858 - INFO - Person Count: 1
2024-11-21 21:52:46,021 - INFO - Person Count: 1
2024-11-21 21:52:46,158 - INFO - Person Count: 1
2024-11-21 21:52:46,317 - INFO - Person Count: 1
2024-11-21 21:52:46,480 - INFO - Person Count: 1
2024-11-21 21:52:46,619 - INFO - Person Count: 1
2024-11-21 21:52:46,757 - INFO - Person Count: 1
2024-11-21 21:52:46,898 - INFO - Person Count: 1
2024-11-21 21:52:47,023 - INFO - Person Count: 1
2024-11-21 21:52:47,163 - INFO - Person Count: 1
2024-11-21 21:52:47,284 - INFO - Person Count: 1
2024-11-21 21:52:47,425 - INFO - Person Count: 1
2024-11-21 21:52:47,551 - INFO - Person Count: 1
2024-11-21 21:52:47,688 - INFO - Person Count: 1
2024-11-21 21:52:47,842 - INFO - Person Count: 0
2024-11-21 21:52:47,977 - INFO - Person Count: 1
2024-11-21 21:52:48,138 - INFO - Person Count: 1
2024-11-21 21:52:48,269 - INFO - Person Count: 1
2024-11-21 21:52:48,403 - INFO - Person Count: 1
2024-11-21 21:52:48,533 - INFO - Person Count: 1
2024-11-21 21:52:48,684 - INFO - Person Count: 1
2024-11-21 21:52:48,852 - INFO - Person Count: 0
2024-11-21 21:52:48,985 - INFO - Person Count: 1
2024-11-21 21:52:49,124 - INFO - Person Count: 1
2024-11-21 21:52:49,267 - INFO - Person Count: 1
2024-11-21 21:52:49,410 - INFO - Person Count: 1
2024-11-21 21:52:49,551 - INFO - Person Count: 1
2024-11-21 21:52:49,693 - INFO - Person Count: 1
2024-11-21 21:52:49,834 - INFO - Person Count: 1
2024-11-21 21:52:49,980 - INFO - Person Count: 1
2024-11-21 21:52:50,135 - INFO - Person Count: 1
2024-11-21 21:52:50,252 - INFO - Person Count: 1
2024-11-21 21:52:50,392 - INFO - Person Count: 1
2024-11-21 21:52:50,515 - INFO - Person Count: 1
2024-11-21 21:52:50,652 - INFO - Person Count: 1
2024-11-21 21:52:50,793 - INFO - Person Count: 1
2024-11-21 21:52:50,943 - INFO - Person Count: 1
2024-11-21 21:52:51,071 - INFO - Person Count: 1
2024-11-21 21:52:51,206 - INFO - Person Count: 1
2024-11-21 21:52:51,333 - INFO - Person Count: 1
2024-11-21 21:52:51,477 - INFO - Person Count: 1
2024-11-21 21:52:51,606 - INFO - Person Count: 1
2024-11-21 21:52:51,727 - INFO - Person Count: 1
2024-11-21 21:52:51,866 - INFO - Person Count: 1
2024-11-21 21:52:52,000 - INFO - Person Count: 1
2024-11-21 21:52:52,137 - INFO - Person Count: 1
2024-11-21 21:52:52,274 - INFO - Person Count: 1
2024-11-21 21:52:52,413 - INFO - Person Count: 1
2024-11-21 21:52:52,553 - INFO - Person Count: 1
2024-11-21 21:52:52,686 - INFO - Person Count: 1
2024-11-21 21:52:52,816 - INFO - Person Count: 1
2024-11-21 21:52:52,961 - INFO - Person Count: 1
2024-11-21 21:52:53,100 - INFO - Person Count: 1
2024-11-21 21:52:53,222 - INFO - Person Count: 1
2024-11-21 21:52:53,348 - INFO - Person Count: 1
2024-11-21 21:52:53,486 - INFO - Person Count: 1
2024-11-21 21:52:53,630 - INFO - Person Count: 1
2024-11-21 21:52:53,771 - INFO - Person Count: 1
2024-11-21 21:52:53,906 - INFO - Person Count: 1
2024-11-21 21:52:54,048 - INFO - Person Count: 1
2024-11-21 21:52:54,177 - INFO - Person Count: 1
2024-11-21 21:52:54,308 - INFO - Person Count: 1
2024-11-21 21:52:54,438 - INFO - Person Count: 1
2024-11-21 21:52:54,575 - INFO - Person Count: 1
2024-11-21 21:52:54,709 - INFO - Person Count: 1
2024-11-21 21:52:54,842 - INFO - Person Count: 1
2024-11-21 21:52:54,971 - INFO - Person Count: 1
2024-11-21 21:52:55,104 - INFO - Person Count: 1
2024-11-21 21:52:55,236 - INFO - Person Count: 1
2024-11-21 21:52:55,236 - INFO - Starting facial recognition...
2024-11-21 21:53:15,033 - WARNING - Failed to capture frame.
2024-11-21 21:53:17,224 - INFO - Video thread stopped.
2024-11-21 21:53:17,224 - INFO - Application closed.
2024-11-21 22:14:56,348 - INFO - Loading YOLO model...
2024-11-21 22:15:00,372 - INFO - YOLO model loaded.
2024-11-21 22:15:00,372 - INFO - Application started.
2024-11-21 22:15:17,160 - INFO - Video thread stopped.
2024-11-21 22:15:59,181 - INFO - Video thread started.
2024-11-21 22:15:59,182 - INFO - Application closed.
2024-11-21 22:16:06,884 - INFO - Loading YOLO model...
2024-11-21 22:16:11,108 - INFO - YOLO model loaded.
2024-11-21 22:16:11,108 - INFO - Application started.
2024-11-21 22:16:52,855 - INFO - Video thread stopped.
2024-11-21 22:17:13,124 - INFO - Video thread started.
2024-11-21 22:17:13,125 - INFO - Application closed.
2024-11-21 22:28:01,781 - INFO - Loading YOLO model...
2024-11-21 22:28:08,153 - INFO - YOLO model loaded.
2024-11-21 22:28:08,154 - INFO - Application started.
2024-11-21 22:28:19,597 - INFO - Video thread stopped.
2024-11-21 22:28:56,673 - INFO - Video thread started.
2024-11-23 09:50:42,866 - INFO - Loading YOLO model...
2024-11-23 09:50:57,379 - INFO - YOLO model loaded.
2024-11-23 09:50:57,380 - INFO - Application started.
2024-11-23 09:51:04,191 - INFO - Video thread started.
2024-11-23 09:51:12,486 - INFO - YOLO activated.
2024-11-23 09:51:12,744 - INFO - Person Count: 3
2024-11-23 09:51:12,891 - INFO - Person Count: 3
2024-11-23 09:51:13,031 - INFO - Person Count: 4
2024-11-23 09:51:13,166 - INFO - Person Count: 3
2024-11-23 09:51:13,311 - INFO - Person Count: 4
2024-11-23 09:51:13,455 - INFO - Person Count: 3
2024-11-23 09:51:13,594 - INFO - Person Count: 4
2024-11-23 09:51:13,748 - INFO - Person Count: 4
2024-11-23 09:51:13,885 - INFO - Person Count: 4
2024-11-23 09:51:14,019 - INFO - Person Count: 4
2024-11-23 09:51:14,169 - INFO - Person Count: 4
2024-11-23 09:51:14,313 - INFO - Person Count: 4
2024-11-23 09:51:14,458 - INFO - Person Count: 4
2024-11-23 09:51:14,593 - INFO - Person Count: 4
2024-11-23 09:51:14,737 - INFO - Person Count: 4
2024-11-23 09:51:14,878 - INFO - Person Count: 3
2024-11-23 09:51:15,029 - INFO - Person Count: 3
2024-11-23 09:51:15,175 - INFO - Person Count: 3
2024-11-23 09:51:15,326 - INFO - Person Count: 3
2024-11-23 09:51:15,469 - INFO - Person Count: 3
2024-11-23 09:51:15,607 - INFO - Person Count: 3
2024-11-23 09:51:15,751 - INFO - Person Count: 3
2024-11-23 09:51:15,922 - INFO - Person Count: 3
2024-11-23 09:51:16,087 - INFO - Person Count: 3
2024-11-23 09:51:16,238 - INFO - Person Count: 3
2024-11-23 09:51:16,376 - INFO - Person Count: 3
2024-11-23 09:51:16,518 - INFO - Person Count: 3
2024-11-23 09:51:16,667 - INFO - Person Count: 3
2024-11-23 09:51:16,815 - INFO - Person Count: 3
2024-11-23 09:51:16,964 - INFO - Person Count: 3
2024-11-23 09:51:17,122 - INFO - Person Count: 3
2024-11-23 09:51:17,284 - INFO - Person Count: 3
2024-11-23 09:51:17,441 - INFO - Person Count: 3
2024-11-23 09:51:17,599 - INFO - Person Count: 3
2024-11-23 09:51:17,761 - INFO - Person Count: 3
2024-11-23 09:51:17,925 - INFO - Person Count: 3
2024-11-23 09:51:18,088 - INFO - Person Count: 3
2024-11-23 09:51:18,248 - INFO - Person Count: 3
2024-11-23 09:51:18,412 - INFO - Person Count: 3
2024-11-23 09:51:18,572 - INFO - Person Count: 3
2024-11-23 09:51:18,748 - INFO - Person Count: 3
2024-11-23 09:51:18,917 - INFO - Person Count: 3
2024-11-23 09:51:19,082 - INFO - Person Count: 3
2024-11-23 09:51:19,221 - INFO - Person Count: 4
2024-11-23 09:51:19,365 - INFO - Person Count: 4
2024-11-23 09:51:19,488 - INFO - Person Count: 4
2024-11-23 09:51:19,640 - INFO - Person Count: 4
2024-11-23 09:51:19,778 - INFO - Person Count: 4
2024-11-23 09:51:19,918 - INFO - Person Count: 4
2024-11-23 09:51:20,059 - INFO - Person Count: 4
2024-11-23 09:51:20,192 - INFO - Person Count: 4
2024-11-23 09:51:20,331 - INFO - Person Count: 4
2024-11-23 09:51:20,473 - INFO - Person Count: 4
2024-11-23 09:51:20,617 - INFO - Person Count: 4
2024-11-23 09:51:20,747 - INFO - Person Count: 4
2024-11-23 09:51:20,884 - INFO - Person Count: 4
2024-11-23 09:51:21,020 - INFO - Person Count: 4
2024-11-23 09:51:21,173 - INFO - Person Count: 4
2024-11-23 09:51:21,314 - INFO - Person Count: 4
2024-11-23 09:51:21,460 - INFO - Person Count: 4
2024-11-23 09:51:21,590 - INFO - Person Count: 4
2024-11-23 09:51:21,731 - INFO - Person Count: 4
2024-11-23 09:51:21,885 - INFO - Person Count: 4
2024-11-23 09:51:22,019 - INFO - Person Count: 4
2024-11-23 09:51:22,168 - INFO - Person Count: 4
2024-11-23 09:51:22,309 - INFO - Person Count: 4
2024-11-23 09:51:22,460 - INFO - Person Count: 4
2024-11-23 09:51:22,613 - INFO - Person Count: 4
2024-11-23 09:51:22,758 - INFO - Person Count: 4
2024-11-23 09:51:22,758 - INFO - Starting facial recognition...
2024-11-23 09:52:26,889 - WARNING - Failed to capture frame.
2024-11-23 09:52:28,174 - INFO - Video thread stopped.
2024-11-23 09:52:28,175 - INFO - Application closed.
